
=== Wed Jul  8 11:45:23 2020

Packages were changed.
Update Mode: updateDependencies

The following packages were added:
  com.unity.2d.sprite@1.0.0
  com.unity.2d.tilemap@1.0.0
  com.unity.collab-proxy@1.2.16
  com.unity.ide.rider@1.1.4
  com.unity.ide.vscode@1.1.4
  com.unity.modules.androidjni@1.0.0
  com.unity.multiplayer-hlapi@1.0.4
  com.unity.test-framework@1.1.11
  com.unity.timeline@1.2.12
  com.unity.ugui@1.0.0
  com.unity.xr.legacyinputhelpers@1.3.8
The following packages were updated:
  com.unity.analytics from version 2.0.16 to 3.3.5
  com.unity.purchasing from version 2.0.3 to 2.0.6
  com.unity.textmeshpro from version 1.2.4 to 2.0.1
The following packages were removed:
  com.unity.package-manager-ui@1.9.11

=== Wed Jul  8 13:59:59 2020

Packages were changed.
Update Mode: updateDependencies

The following packages were updated:
  com.unity.ads from version 2.0.8 to 3.4.7
  com.unity.ide.vscode from version 1.1.4 to 1.2.1
  com.unity.multiplayer-hlapi from version 1.0.4 to 1.0.6
  com.unity.test-framework from version 1.1.11 to 1.1.14
  com.unity.xr.legacyinputhelpers from version 1.3.8 to 2.1.4

=== Wed Jul  8 14:08:59 2020

Packages were changed.
Update Mode: mergeDefaultDependencies

The following packages were added:
  com.unity.barracuda@0.5.0-preview
  com.unity.cinemachine@2.5.0
  com.unity.connect.share@1.2.0-preview.1
  com.unity.learn.iet-framework@0.3.0-preview.5
  com.unity.postprocessing@2.3.0
  com.unity.probuilder@4.2.3
The following packages were updated:
  com.unity.timeline from version 1.2.12 to 1.2.14
